
--- Training Frequency: 1000hz ---
Using random seed: 42
Starting training - Frequency: 1000hz, Material: plastic
Loss type: ghm
GHM Params: bins=5, alpha=0.75, margin=10.0
Using device: mps
Loading Dataset for 1000hz with material plastic
Loading Dataset for 1000hz with material plastic

Class deg000 (label 0):
Found 9 files for class deg000

Class deg036 (label 1):
Found 9 files for class deg036

Class deg072 (label 2):
Found 9 files for class deg072

Class deg108 (label 3):
Found 9 files for class deg108

Class deg144 (label 4):
Found 9 files for class deg144

Class deg180 (label 5):
Found 9 files for class deg180

Spectrograms shape: torch.Size([54, 1, 1025, 1126])
Frequency range: 0.0-24000.0 Hz
Created 1118 ranking pairs
Created 230 ranking pairs
Train ranking pairs: 1118
Validation ranking pairs: 230
Using batch size: 32

===== Epoch 1/30 =====
Batch 10/34 | Main Loss: 0.7398 | Std Loss (log): 9.9538
Batch 20/34 | Main Loss: 1.0554 | Std Loss (log): 9.9371
Batch 30/34 | Main Loss: 1.5422 | Std Loss (log): 10.5506
Epoch 1 Summary
  Training   - Main Loss: 1.0373, Std Loss (log): 9.5643, Accuracy: 54.23%
  Validation - Main Loss: 3.1733, Std Loss (log): 10.2155, Accuracy: 53.12%
  Current learning rate: 0.030000

===== Epoch 2/30 =====
Batch 10/34 | Main Loss: 1.1035 | Std Loss (log): 6.5919
Batch 20/34 | Main Loss: 2.2783 | Std Loss (log): 9.7263
Batch 30/34 | Main Loss: 1.7520 | Std Loss (log): 9.4922
Epoch 2 Summary
  Training   - Main Loss: 1.3938, Std Loss (log): 7.9979, Accuracy: 65.72%
  Validation - Main Loss: 1.5571, Std Loss (log): 10.5873, Accuracy: 57.59%
  Current learning rate: 0.030000

===== Epoch 3/30 =====
Batch 10/34 | Main Loss: 1.1707 | Std Loss (log): 7.0936
Batch 20/34 | Main Loss: 1.4776 | Std Loss (log): 5.8078
Batch 30/34 | Main Loss: 1.2452 | Std Loss (log): 6.8196
Epoch 3 Summary
  Training   - Main Loss: 1.2782, Std Loss (log): 6.7875, Accuracy: 71.05%
  Validation - Main Loss: 1.4945, Std Loss (log): 10.5556, Accuracy: 58.04%
  Current learning rate: 0.030000

===== Epoch 4/30 =====
Batch 10/34 | Main Loss: 0.9620 | Std Loss (log): 4.9862
Batch 20/34 | Main Loss: 1.3126 | Std Loss (log): 4.6854
Batch 30/34 | Main Loss: 0.9995 | Std Loss (log): 6.1341
Epoch 4 Summary
  Training   - Main Loss: 1.2000, Std Loss (log): 6.1243, Accuracy: 73.44%
  Validation - Main Loss: 1.3645, Std Loss (log): 9.0705, Accuracy: 55.36%
  Current learning rate: 0.030000

===== Epoch 5/30 =====
Batch 10/34 | Main Loss: 1.6358 | Std Loss (log): 6.9805
Batch 20/34 | Main Loss: 1.4740 | Std Loss (log): 9.8617
Batch 30/34 | Main Loss: 1.1046 | Std Loss (log): 6.3012
Epoch 5 Summary
  Training   - Main Loss: 1.2396, Std Loss (log): 6.1376, Accuracy: 72.52%
  Validation - Main Loss: 1.3455, Std Loss (log): 6.5804, Accuracy: 69.20%
  Current learning rate: 0.030000
Model checkpoint saved to: /Users/sbplab/Hank/angle_classification_deg6/saved_models/model_checkpoints/plastic_1000hz_ghm_20250414_141113/model_epoch_5.pt

===== Epoch 6/30 =====
Batch 10/34 | Main Loss: 0.8397 | Std Loss (log): 8.0455
Batch 20/34 | Main Loss: 1.2164 | Std Loss (log): 4.6638
Batch 30/34 | Main Loss: 1.3386 | Std Loss (log): 7.0756
Epoch 6 Summary
  Training   - Main Loss: 1.4614, Std Loss (log): 6.3499, Accuracy: 72.52%
  Validation - Main Loss: 1.4492, Std Loss (log): 9.3843, Accuracy: 54.91%
  Current learning rate: 0.030000

===== Epoch 7/30 =====
Batch 10/34 | Main Loss: 1.2961 | Std Loss (log): 6.1310
Batch 20/34 | Main Loss: 0.5626 | Std Loss (log): 3.0036
Batch 30/34 | Main Loss: 0.8707 | Std Loss (log): 4.3615
Epoch 7 Summary
  Training   - Main Loss: 1.1408, Std Loss (log): 5.1143, Accuracy: 77.76%
  Validation - Main Loss: 2.4444, Std Loss (log): 11.2474, Accuracy: 50.45%
  Current learning rate: 0.030000

===== Epoch 8/30 =====
Batch 10/34 | Main Loss: 0.8175 | Std Loss (log): 3.0274
Batch 20/34 | Main Loss: 1.0997 | Std Loss (log): 4.1646
Batch 30/34 | Main Loss: 0.7647 | Std Loss (log): 3.9198
Epoch 8 Summary
  Training   - Main Loss: 1.0712, Std Loss (log): 4.3684, Accuracy: 80.97%
  Validation - Main Loss: 2.2364, Std Loss (log): 9.0549, Accuracy: 66.52%
  Current learning rate: 0.030000

===== Epoch 9/30 =====
Batch 10/34 | Main Loss: 0.7229 | Std Loss (log): 2.2110
Batch 20/34 | Main Loss: 1.0779 | Std Loss (log): 4.1181
Batch 30/34 | Main Loss: 7.6855 | Std Loss (log): 7.8140
Epoch 9 Summary
  Training   - Main Loss: 1.3308, Std Loss (log): 4.0017, Accuracy: 83.46%
  Validation - Main Loss: 3.9256, Std Loss (log): 14.4314, Accuracy: 46.88%
  Current learning rate: 0.015000

===== Epoch 10/30 =====
Batch 10/34 | Main Loss: 0.9009 | Std Loss (log): 4.6053
Batch 20/34 | Main Loss: 0.7649 | Std Loss (log): 4.1813
Batch 30/34 | Main Loss: 1.4484 | Std Loss (log): 4.1644
Epoch 10 Summary
  Training   - Main Loss: 0.9253, Std Loss (log): 4.1858, Accuracy: 84.56%
  Validation - Main Loss: 1.9737, Std Loss (log): 6.5324, Accuracy: 71.88%
  Current learning rate: 0.015000
Model checkpoint saved to: /Users/sbplab/Hank/angle_classification_deg6/saved_models/model_checkpoints/plastic_1000hz_ghm_20250414_141113/model_epoch_10.pt

===== Epoch 11/30 =====
Batch 10/34 | Main Loss: 1.3372 | Std Loss (log): 2.1594
Batch 20/34 | Main Loss: 0.6471 | Std Loss (log): 3.1919
Batch 30/34 | Main Loss: 1.0619 | Std Loss (log): 4.9477
Epoch 11 Summary
  Training   - Main Loss: 0.8402, Std Loss (log): 3.2101, Accuracy: 87.22%
  Validation - Main Loss: 5.6174, Std Loss (log): 9.3671, Accuracy: 73.66%
  Current learning rate: 0.015000

===== Epoch 12/30 =====
Batch 10/34 | Main Loss: 0.7444 | Std Loss (log): 2.3640
Batch 20/34 | Main Loss: 0.8211 | Std Loss (log): 1.9783
Batch 30/34 | Main Loss: 0.7210 | Std Loss (log): 2.9290
Epoch 12 Summary
  Training   - Main Loss: 0.9269, Std Loss (log): 3.0021, Accuracy: 88.33%
  Validation - Main Loss: 1.7429, Std Loss (log): 6.4702, Accuracy: 74.55%
  Current learning rate: 0.015000

===== Epoch 13/30 =====
Batch 10/34 | Main Loss: 0.7058 | Std Loss (log): 1.3056
Batch 20/34 | Main Loss: 0.7578 | Std Loss (log): 2.3219
Batch 30/34 | Main Loss: 0.5465 | Std Loss (log): 2.1125
Epoch 13 Summary
  Training   - Main Loss: 0.9113, Std Loss (log): 2.6101, Accuracy: 90.17%
  Validation - Main Loss: 1.1011, Std Loss (log): 4.3135, Accuracy: 83.04%
  Current learning rate: 0.015000

===== Epoch 14/30 =====
Batch 10/34 | Main Loss: 0.5523 | Std Loss (log): 2.5846
Batch 20/34 | Main Loss: 1.6347 | Std Loss (log): 2.8039
Batch 30/34 | Main Loss: 0.1518 | Std Loss (log): 0.2420
Epoch 14 Summary
  Training   - Main Loss: 0.7861, Std Loss (log): 2.2532, Accuracy: 90.99%
  Validation - Main Loss: 2.0224, Std Loss (log): 7.3514, Accuracy: 74.11%
  Current learning rate: 0.015000

===== Epoch 15/30 =====
Batch 10/34 | Main Loss: 0.3455 | Std Loss (log): 1.2949
Batch 20/34 | Main Loss: 1.3590 | Std Loss (log): 3.8439
Batch 30/34 | Main Loss: 0.4497 | Std Loss (log): 1.7144
Epoch 15 Summary
  Training   - Main Loss: 1.0099, Std Loss (log): 2.8221, Accuracy: 88.33%
  Validation - Main Loss: 0.9188, Std Loss (log): 4.2545, Accuracy: 84.38%
  Current learning rate: 0.015000
Model checkpoint saved to: /Users/sbplab/Hank/angle_classification_deg6/saved_models/model_checkpoints/plastic_1000hz_ghm_20250414_141113/model_epoch_15.pt

===== Epoch 16/30 =====
Batch 10/34 | Main Loss: 0.3890 | Std Loss (log): 0.8315
Batch 20/34 | Main Loss: 0.5747 | Std Loss (log): 3.0377
Batch 30/34 | Main Loss: 0.5598 | Std Loss (log): 2.0371
Epoch 16 Summary
  Training   - Main Loss: 0.5901, Std Loss (log): 1.8232, Accuracy: 93.29%
  Validation - Main Loss: 3.3392, Std Loss (log): 9.7869, Accuracy: 62.05%
  Current learning rate: 0.015000

===== Epoch 17/30 =====
Batch 10/34 | Main Loss: 0.4588 | Std Loss (log): 1.6894
Batch 20/34 | Main Loss: 0.5541 | Std Loss (log): 1.3557
Batch 30/34 | Main Loss: 0.7811 | Std Loss (log): 2.5262
Epoch 17 Summary
  Training   - Main Loss: 0.7569, Std Loss (log): 1.8050, Accuracy: 93.75%
  Validation - Main Loss: 1.6132, Std Loss (log): 5.9751, Accuracy: 75.89%
  Current learning rate: 0.015000

===== Epoch 18/30 =====
Batch 10/34 | Main Loss: 0.1019 | Std Loss (log): 0.3625
Batch 20/34 | Main Loss: 0.6492 | Std Loss (log): 2.3031
Batch 30/34 | Main Loss: 0.0950 | Std Loss (log): 0.1867
Epoch 18 Summary
  Training   - Main Loss: 0.4811, Std Loss (log): 1.2816, Accuracy: 96.23%
  Validation - Main Loss: 2.9533, Std Loss (log): 7.9168, Accuracy: 68.75%
  Current learning rate: 0.015000

===== Epoch 19/30 =====
Batch 10/34 | Main Loss: 0.4708 | Std Loss (log): 1.0571
Batch 20/34 | Main Loss: 0.3489 | Std Loss (log): 1.4926
Batch 30/34 | Main Loss: 0.3534 | Std Loss (log): 1.1816
Epoch 19 Summary
  Training   - Main Loss: 0.5006, Std Loss (log): 1.1369, Accuracy: 95.50%
  Validation - Main Loss: 2.6808, Std Loss (log): 7.7049, Accuracy: 74.11%
  Current learning rate: 0.007500

===== Epoch 20/30 =====
Batch 10/34 | Main Loss: 0.3969 | Std Loss (log): 0.9837
Batch 20/34 | Main Loss: 0.1999 | Std Loss (log): 0.4619
Batch 30/34 | Main Loss: 0.4009 | Std Loss (log): 0.6578
Epoch 20 Summary
  Training   - Main Loss: 0.3144, Std Loss (log): 0.6795, Accuracy: 98.44%
  Validation - Main Loss: 2.6144, Std Loss (log): 8.8509, Accuracy: 69.64%
  Current learning rate: 0.007500
Model checkpoint saved to: /Users/sbplab/Hank/angle_classification_deg6/saved_models/model_checkpoints/plastic_1000hz_ghm_20250414_141113/model_epoch_20.pt

===== Epoch 21/30 =====
Batch 10/34 | Main Loss: 0.1556 | Std Loss (log): 0.2617
Batch 20/34 | Main Loss: 0.2245 | Std Loss (log): 0.2849
Batch 30/34 | Main Loss: 0.3620 | Std Loss (log): 0.4716
Epoch 21 Summary
  Training   - Main Loss: 0.2764, Std Loss (log): 0.7057, Accuracy: 98.16%
  Validation - Main Loss: 1.9590, Std Loss (log): 6.3473, Accuracy: 78.12%
  Current learning rate: 0.007500

===== Epoch 22/30 =====
Batch 10/34 | Main Loss: 0.2087 | Std Loss (log): 0.4757
Batch 20/34 | Main Loss: 0.3443 | Std Loss (log): 0.8134
Batch 30/34 | Main Loss: 0.2912 | Std Loss (log): 0.5467
Epoch 22 Summary
  Training   - Main Loss: 0.2799, Std Loss (log): 0.5790, Accuracy: 98.81%
  Validation - Main Loss: 1.7169, Std Loss (log): 5.1187, Accuracy: 80.80%
  Current learning rate: 0.007500

===== Epoch 23/30 =====
Batch 10/34 | Main Loss: 0.3545 | Std Loss (log): 0.5521
Batch 20/34 | Main Loss: 0.0184 | Std Loss (log): 0.2470
Batch 30/34 | Main Loss: 0.3272 | Std Loss (log): 0.4530
Epoch 23 Summary
  Training   - Main Loss: 0.2904, Std Loss (log): 0.6083, Accuracy: 98.25%
  Validation - Main Loss: 1.8008, Std Loss (log): 5.2290, Accuracy: 83.04%
  Current learning rate: 0.003750

===== Epoch 24/30 =====
Batch 10/34 | Main Loss: 0.1179 | Std Loss (log): 0.2687
Batch 20/34 | Main Loss: 0.3179 | Std Loss (log): 0.3179
Batch 30/34 | Main Loss: 0.0479 | Std Loss (log): 0.0958
Epoch 24 Summary
  Training   - Main Loss: 0.1506, Std Loss (log): 0.3528, Accuracy: 99.54%
  Validation - Main Loss: 15.0069, Std Loss (log): 19.5092, Accuracy: 70.98%
  Current learning rate: 0.003750

===== Epoch 25/30 =====
Batch 10/34 | Main Loss: 0.0000 | Std Loss (log): 0.0000
Batch 20/34 | Main Loss: 0.1368 | Std Loss (log): 0.1368
Batch 30/34 | Main Loss: 0.2570 | Std Loss (log): 0.4664
Epoch 25 Summary
  Training   - Main Loss: 0.1300, Std Loss (log): 0.2669, Accuracy: 99.91%
  Validation - Main Loss: 3.6904, Std Loss (log): 7.7552, Accuracy: 77.68%
  Current learning rate: 0.003750
Model checkpoint saved to: /Users/sbplab/Hank/angle_classification_deg6/saved_models/model_checkpoints/plastic_1000hz_ghm_20250414_141113/model_epoch_25.pt

===== Epoch 26/30 =====
Batch 10/34 | Main Loss: 0.5820 | Std Loss (log): 1.0335
Batch 20/34 | Main Loss: 0.0031 | Std Loss (log): 0.0422
Batch 30/34 | Main Loss: 0.0125 | Std Loss (log): 0.1638
Epoch 26 Summary
  Training   - Main Loss: 0.1582, Std Loss (log): 0.4105, Accuracy: 98.90%
  Validation - Main Loss: 2.1844, Std Loss (log): 6.2079, Accuracy: 79.91%
  Current learning rate: 0.003750

===== Epoch 27/30 =====
Batch 10/34 | Main Loss: 0.2170 | Std Loss (log): 0.2253
Batch 20/34 | Main Loss: 0.0021 | Std Loss (log): 0.0275
Batch 30/34 | Main Loss: 0.1364 | Std Loss (log): 0.1364
Epoch 27 Summary
  Training   - Main Loss: 0.1738, Std Loss (log): 0.4193, Accuracy: 98.90%
  Validation - Main Loss: 11.6839, Std Loss (log): 15.0356, Accuracy: 74.11%
  Current learning rate: 0.001875

===== Epoch 28/30 =====
Batch 10/34 | Main Loss: 0.2739 | Std Loss (log): 0.6243
Batch 20/34 | Main Loss: 0.0450 | Std Loss (log): 0.0450
Batch 30/34 | Main Loss: 0.0173 | Std Loss (log): 0.2334
Epoch 28 Summary
  Training   - Main Loss: 0.1145, Std Loss (log): 0.2515, Accuracy: 99.72%
  Validation - Main Loss: 2.5431, Std Loss (log): 8.0563, Accuracy: 76.34%
  Current learning rate: 0.001875

===== Epoch 29/30 =====
Batch 10/34 | Main Loss: 0.0720 | Std Loss (log): 0.0720
Batch 20/34 | Main Loss: 0.0379 | Std Loss (log): 0.0379
Batch 30/34 | Main Loss: 0.0000 | Std Loss (log): 0.0000
Epoch 29 Summary
  Training   - Main Loss: 0.1523, Std Loss (log): 0.2589, Accuracy: 99.45%
  Validation - Main Loss: 2.3342, Std Loss (log): 6.9772, Accuracy: 76.79%
  Current learning rate: 0.001875

===== Epoch 30/30 =====
Batch 10/34 | Main Loss: 0.0000 | Std Loss (log): 0.0000
Batch 20/34 | Main Loss: 0.1036 | Std Loss (log): 0.1036
Batch 30/34 | Main Loss: 0.1809 | Std Loss (log): 0.1809
Epoch 30 Summary
  Training   - Main Loss: 0.0938, Std Loss (log): 0.1874, Accuracy: 100.00%
  Validation - Main Loss: 3.3190, Std Loss (log): 9.2757, Accuracy: 70.09%
  Current learning rate: 0.001875
Model checkpoint saved to: /Users/sbplab/Hank/angle_classification_deg6/saved_models/model_checkpoints/plastic_1000hz_ghm_20250414_141113/model_epoch_30.pt
Training history plot saved to: /Users/sbplab/Hank/angle_classification_deg6/saved_models/plots/plastic_1000hz_ghm_20250414_141113/training_history_20250414_141113.png
Training history saved to: /Users/sbplab/Hank/angle_classification_deg6/saved_models/model_checkpoints/plastic_1000hz_ghm_20250414_141113/training_history_20250414_141113.pkl

--- Finished training 1000hz ---
