
--- Training Frequency: 1000hz ---
Using random seed: 42
Starting training - Frequency: 1000hz, Material: plastic
Loss type: ghm
GHM Params: bins=10, alpha=0.9, margin=10.0
Using device: mps
Loading Dataset for 1000hz with material plastic
Loading Dataset for 1000hz with material plastic

Class deg000 (label 0):
Found 9 files for class deg000

Class deg036 (label 1):
Found 9 files for class deg036

Class deg072 (label 2):
Found 9 files for class deg072

Class deg108 (label 3):
Found 9 files for class deg108

Class deg144 (label 4):
Found 9 files for class deg144

Class deg180 (label 5):
Found 9 files for class deg180

Spectrograms shape: torch.Size([54, 1, 1025, 1126])
Frequency range: 0.0-24000.0 Hz
Created 1118 ranking pairs
Created 230 ranking pairs
Train ranking pairs: 1118
Validation ranking pairs: 230
Using batch size: 32

===== Epoch 1/30 =====
Batch 10/34 | Main Loss: 0.4370 | Std Loss (log): 9.8887
Batch 20/34 | Main Loss: 0.7984 | Std Loss (log): 9.8343
Batch 30/34 | Main Loss: 0.9455 | Std Loss (log): 10.1524
Epoch 1 Summary
  Training   - Main Loss: 0.8689, Std Loss (log): 9.5588, Accuracy: 56.25%
  Validation - Main Loss: 2.6110, Std Loss (log): 14.1877, Accuracy: 50.00%
  Current learning rate: 0.030000

===== Epoch 2/30 =====
Batch 10/34 | Main Loss: 1.4243 | Std Loss (log): 6.1796
Batch 20/34 | Main Loss: 1.4694 | Std Loss (log): 10.3108
Batch 30/34 | Main Loss: 2.1145 | Std Loss (log): 8.8842
Epoch 2 Summary
  Training   - Main Loss: 1.3329, Std Loss (log): 8.2614, Accuracy: 64.15%
  Validation - Main Loss: 2.7130, Std Loss (log): 15.3897, Accuracy: 48.66%
  Current learning rate: 0.030000

===== Epoch 3/30 =====
Batch 10/34 | Main Loss: 1.9146 | Std Loss (log): 8.2357
Batch 20/34 | Main Loss: 0.6564 | Std Loss (log): 6.1968
Batch 30/34 | Main Loss: 1.1274 | Std Loss (log): 7.8746
Epoch 3 Summary
  Training   - Main Loss: 1.2129, Std Loss (log): 6.9867, Accuracy: 70.59%
  Validation - Main Loss: 0.8049, Std Loss (log): 7.3858, Accuracy: 65.62%
  Current learning rate: 0.030000

===== Epoch 4/30 =====
Batch 10/34 | Main Loss: 0.9217 | Std Loss (log): 6.6564
Batch 20/34 | Main Loss: 1.3416 | Std Loss (log): 5.0035
Batch 30/34 | Main Loss: 1.2922 | Std Loss (log): 6.4781
Epoch 4 Summary
  Training   - Main Loss: 1.1812, Std Loss (log): 6.6557, Accuracy: 72.15%
  Validation - Main Loss: 21.2343, Std Loss (log): 25.2742, Accuracy: 66.96%
  Current learning rate: 0.030000

===== Epoch 5/30 =====
Batch 10/34 | Main Loss: 0.8958 | Std Loss (log): 5.1887
Batch 20/34 | Main Loss: 1.9995 | Std Loss (log): 12.8950
Batch 30/34 | Main Loss: 1.2705 | Std Loss (log): 5.4723
Epoch 5 Summary
  Training   - Main Loss: 1.3726, Std Loss (log): 6.5875, Accuracy: 72.15%
  Validation - Main Loss: 0.8111, Std Loss (log): 5.5951, Accuracy: 77.23%
  Current learning rate: 0.030000
Model checkpoint saved to: /Users/sbplab/Hank/angle_classification_deg6/saved_models/model_checkpoints/plastic_1000hz_ghm_20250414_141140/model_epoch_5.pt

===== Epoch 6/30 =====
Batch 10/34 | Main Loss: 1.5494 | Std Loss (log): 5.2488
Batch 20/34 | Main Loss: 0.5508 | Std Loss (log): 4.1388
Batch 30/34 | Main Loss: 1.6511 | Std Loss (log): 7.4531
Epoch 6 Summary
  Training   - Main Loss: 1.2938, Std Loss (log): 5.5174, Accuracy: 76.38%
  Validation - Main Loss: 1.7673, Std Loss (log): 12.2666, Accuracy: 44.20%
  Current learning rate: 0.030000

===== Epoch 7/30 =====
Batch 10/34 | Main Loss: 0.8636 | Std Loss (log): 6.0433
Batch 20/34 | Main Loss: 0.5671 | Std Loss (log): 5.3291
Batch 30/34 | Main Loss: 1.2437 | Std Loss (log): 4.4198
Epoch 7 Summary
  Training   - Main Loss: 1.1122, Std Loss (log): 5.0688, Accuracy: 78.49%
  Validation - Main Loss: 0.7068, Std Loss (log): 5.1918, Accuracy: 80.36%
  Current learning rate: 0.030000

===== Epoch 8/30 =====
Batch 10/34 | Main Loss: 0.6994 | Std Loss (log): 4.1246
Batch 20/34 | Main Loss: 1.1459 | Std Loss (log): 2.9392
Batch 30/34 | Main Loss: 0.8254 | Std Loss (log): 4.3560
Epoch 8 Summary
  Training   - Main Loss: 1.1057, Std Loss (log): 4.8475, Accuracy: 78.22%
  Validation - Main Loss: 1.1912, Std Loss (log): 6.5279, Accuracy: 75.45%
  Current learning rate: 0.030000

===== Epoch 9/30 =====
Batch 10/34 | Main Loss: 1.2688 | Std Loss (log): 3.2935
Batch 20/34 | Main Loss: 0.6705 | Std Loss (log): 3.8234
Batch 30/34 | Main Loss: 1.7760 | Std Loss (log): 6.2766
Epoch 9 Summary
  Training   - Main Loss: 1.0647, Std Loss (log): 5.0214, Accuracy: 77.57%
  Validation - Main Loss: 6.2915, Std Loss (log): 15.8036, Accuracy: 58.93%
  Current learning rate: 0.030000

===== Epoch 10/30 =====
Batch 10/34 | Main Loss: 0.6422 | Std Loss (log): 3.1047
Batch 20/34 | Main Loss: 0.6361 | Std Loss (log): 4.3579
Batch 30/34 | Main Loss: 2.1080 | Std Loss (log): 4.0157
Epoch 10 Summary
  Training   - Main Loss: 1.2376, Std Loss (log): 4.6788, Accuracy: 80.88%
  Validation - Main Loss: 1.7624, Std Loss (log): 6.4729, Accuracy: 71.88%
  Current learning rate: 0.030000
Model checkpoint saved to: /Users/sbplab/Hank/angle_classification_deg6/saved_models/model_checkpoints/plastic_1000hz_ghm_20250414_141140/model_epoch_10.pt

===== Epoch 11/30 =====
Batch 10/34 | Main Loss: 0.9503 | Std Loss (log): 2.3178
Batch 20/34 | Main Loss: 1.5086 | Std Loss (log): 5.3014
Batch 30/34 | Main Loss: 2.4467 | Std Loss (log): 6.6608
Epoch 11 Summary
  Training   - Main Loss: 1.1591, Std Loss (log): 4.7222, Accuracy: 80.61%
  Validation - Main Loss: 21.0389, Std Loss (log): 23.6755, Accuracy: 74.11%
  Current learning rate: 0.015000

===== Epoch 12/30 =====
Batch 10/34 | Main Loss: 2.1730 | Std Loss (log): 4.1257
Batch 20/34 | Main Loss: 0.6394 | Std Loss (log): 2.3129
Batch 30/34 | Main Loss: 0.6765 | Std Loss (log): 2.9148
Epoch 12 Summary
  Training   - Main Loss: 1.3427, Std Loss (log): 5.2619, Accuracy: 78.95%
  Validation - Main Loss: 1.0721, Std Loss (log): 8.5871, Accuracy: 59.82%
  Current learning rate: 0.015000

===== Epoch 13/30 =====
Batch 10/34 | Main Loss: 0.9204 | Std Loss (log): 2.9363
Batch 20/34 | Main Loss: 0.7934 | Std Loss (log): 2.0190
Batch 30/34 | Main Loss: 0.5857 | Std Loss (log): 2.7853
Epoch 13 Summary
  Training   - Main Loss: 0.8920, Std Loss (log): 3.5960, Accuracy: 84.47%
  Validation - Main Loss: 7.9146, Std Loss (log): 11.5909, Accuracy: 72.77%
  Current learning rate: 0.015000

===== Epoch 14/30 =====
Batch 10/34 | Main Loss: 0.7334 | Std Loss (log): 4.5830
Batch 20/34 | Main Loss: 1.4437 | Std Loss (log): 8.4204
Batch 30/34 | Main Loss: 0.7127 | Std Loss (log): 3.9065
Epoch 14 Summary
  Training   - Main Loss: 0.9705, Std Loss (log): 3.7073, Accuracy: 83.82%
  Validation - Main Loss: 0.9387, Std Loss (log): 4.3984, Accuracy: 81.25%
  Current learning rate: 0.015000

===== Epoch 15/30 =====
Batch 10/34 | Main Loss: 0.4790 | Std Loss (log): 3.2987
Batch 20/34 | Main Loss: 0.7299 | Std Loss (log): 4.7865
Batch 30/34 | Main Loss: 0.5848 | Std Loss (log): 2.8402
Epoch 15 Summary
  Training   - Main Loss: 1.0768, Std Loss (log): 3.8040, Accuracy: 83.55%
  Validation - Main Loss: 1.4597, Std Loss (log): 7.1390, Accuracy: 71.88%
  Current learning rate: 0.007500
Model checkpoint saved to: /Users/sbplab/Hank/angle_classification_deg6/saved_models/model_checkpoints/plastic_1000hz_ghm_20250414_141140/model_epoch_15.pt

===== Epoch 16/30 =====
Batch 10/34 | Main Loss: 0.4369 | Std Loss (log): 2.0110
Batch 20/34 | Main Loss: 0.4493 | Std Loss (log): 2.9926
Batch 30/34 | Main Loss: 0.5982 | Std Loss (log): 2.6411
Epoch 16 Summary
  Training   - Main Loss: 0.7380, Std Loss (log): 2.5543, Accuracy: 89.98%
  Validation - Main Loss: 1.1013, Std Loss (log): 4.5924, Accuracy: 80.80%
  Current learning rate: 0.007500

===== Epoch 17/30 =====
Batch 10/34 | Main Loss: 0.3399 | Std Loss (log): 1.7817
Batch 20/34 | Main Loss: 0.4829 | Std Loss (log): 1.3801
Batch 30/34 | Main Loss: 0.5698 | Std Loss (log): 2.1259
Epoch 17 Summary
  Training   - Main Loss: 0.8636, Std Loss (log): 2.5178, Accuracy: 89.43%
  Validation - Main Loss: 1.2175, Std Loss (log): 5.9339, Accuracy: 76.34%
  Current learning rate: 0.007500

===== Epoch 18/30 =====
Batch 10/34 | Main Loss: 0.3842 | Std Loss (log): 1.6353
Batch 20/34 | Main Loss: 0.4270 | Std Loss (log): 2.3897
Batch 30/34 | Main Loss: 0.4638 | Std Loss (log): 2.4217
Epoch 18 Summary
  Training   - Main Loss: 0.6546, Std Loss (log): 2.1219, Accuracy: 91.82%
  Validation - Main Loss: 0.9399, Std Loss (log): 3.9701, Accuracy: 83.04%
  Current learning rate: 0.007500

===== Epoch 19/30 =====
Batch 10/34 | Main Loss: 0.3964 | Std Loss (log): 2.0268
Batch 20/34 | Main Loss: 0.4582 | Std Loss (log): 1.2917
Batch 30/34 | Main Loss: 0.4155 | Std Loss (log): 1.7537
Epoch 19 Summary
  Training   - Main Loss: 0.6484, Std Loss (log): 1.8977, Accuracy: 92.56%
  Validation - Main Loss: 7.9216, Std Loss (log): 11.2340, Accuracy: 79.02%
  Current learning rate: 0.003750

===== Epoch 20/30 =====
Batch 10/34 | Main Loss: 0.3439 | Std Loss (log): 1.3376
Batch 20/34 | Main Loss: 0.3826 | Std Loss (log): 0.9320
Batch 30/34 | Main Loss: 0.2774 | Std Loss (log): 1.0215
Epoch 20 Summary
  Training   - Main Loss: 0.5805, Std Loss (log): 1.6552, Accuracy: 93.75%
  Validation - Main Loss: 1.2240, Std Loss (log): 6.2214, Accuracy: 76.34%
  Current learning rate: 0.003750
Model checkpoint saved to: /Users/sbplab/Hank/angle_classification_deg6/saved_models/model_checkpoints/plastic_1000hz_ghm_20250414_141140/model_epoch_20.pt

===== Epoch 21/30 =====
Batch 10/34 | Main Loss: 0.5870 | Std Loss (log): 1.1723
Batch 20/34 | Main Loss: 1.4026 | Std Loss (log): 2.0399
Batch 30/34 | Main Loss: 0.4876 | Std Loss (log): 0.9676
Epoch 21 Summary
  Training   - Main Loss: 0.6405, Std Loss (log): 1.6720, Accuracy: 94.49%
  Validation - Main Loss: 1.1033, Std Loss (log): 4.0134, Accuracy: 85.27%
  Current learning rate: 0.003750

===== Epoch 22/30 =====
Batch 10/34 | Main Loss: 0.3674 | Std Loss (log): 1.7422
Batch 20/34 | Main Loss: 0.6635 | Std Loss (log): 2.1576
Batch 30/34 | Main Loss: 0.9407 | Std Loss (log): 1.0945
Epoch 22 Summary
  Training   - Main Loss: 0.5126, Std Loss (log): 1.2329, Accuracy: 96.42%
  Validation - Main Loss: 1.0124, Std Loss (log): 4.2846, Accuracy: 82.59%
  Current learning rate: 0.003750

===== Epoch 23/30 =====
Batch 10/34 | Main Loss: 1.0089 | Std Loss (log): 1.7995
Batch 20/34 | Main Loss: 0.3303 | Std Loss (log): 0.7366
Batch 30/34 | Main Loss: 0.3446 | Std Loss (log): 0.9263
Epoch 23 Summary
  Training   - Main Loss: 0.4533, Std Loss (log): 1.1159, Accuracy: 96.23%
  Validation - Main Loss: 1.6077, Std Loss (log): 4.0890, Accuracy: 84.82%
  Current learning rate: 0.001875

===== Epoch 24/30 =====
Batch 10/34 | Main Loss: 0.3146 | Std Loss (log): 1.4379
Batch 20/34 | Main Loss: 0.2433 | Std Loss (log): 1.0860
Batch 30/34 | Main Loss: 0.1950 | Std Loss (log): 0.5293
Epoch 24 Summary
  Training   - Main Loss: 0.4115, Std Loss (log): 0.9847, Accuracy: 97.33%
  Validation - Main Loss: 1.1628, Std Loss (log): 4.2761, Accuracy: 83.48%
  Current learning rate: 0.001875

===== Epoch 25/30 =====
Batch 10/34 | Main Loss: 0.4361 | Std Loss (log): 0.4699
Batch 20/34 | Main Loss: 0.5826 | Std Loss (log): 1.5386
Batch 30/34 | Main Loss: 0.6235 | Std Loss (log): 0.8935
Epoch 25 Summary
  Training   - Main Loss: 0.4000, Std Loss (log): 0.9335, Accuracy: 97.70%
  Validation - Main Loss: 11.0587, Std Loss (log): 14.3612, Accuracy: 77.23%
  Current learning rate: 0.001875
Model checkpoint saved to: /Users/sbplab/Hank/angle_classification_deg6/saved_models/model_checkpoints/plastic_1000hz_ghm_20250414_141140/model_epoch_25.pt

===== Epoch 26/30 =====
Batch 10/34 | Main Loss: 0.8561 | Std Loss (log): 1.3695
Batch 20/34 | Main Loss: 0.7910 | Std Loss (log): 1.2311
Batch 30/34 | Main Loss: 1.2058 | Std Loss (log): 1.9676
Epoch 26 Summary
  Training   - Main Loss: 0.5020, Std Loss (log): 1.1001, Accuracy: 96.60%
  Validation - Main Loss: 1.9032, Std Loss (log): 4.8267, Accuracy: 82.14%
  Current learning rate: 0.001875

===== Epoch 27/30 =====
Batch 10/34 | Main Loss: 0.1267 | Std Loss (log): 0.4220
Batch 20/34 | Main Loss: 0.1325 | Std Loss (log): 0.6114
Batch 30/34 | Main Loss: 0.5106 | Std Loss (log): 1.0423
Epoch 27 Summary
  Training   - Main Loss: 0.4122, Std Loss (log): 1.0153, Accuracy: 97.24%
  Validation - Main Loss: 11.8863, Std Loss (log): 15.0174, Accuracy: 75.00%
  Current learning rate: 0.000937

===== Epoch 28/30 =====
Batch 10/34 | Main Loss: 0.2266 | Std Loss (log): 0.8465
Batch 20/34 | Main Loss: 0.3013 | Std Loss (log): 0.3056
Batch 30/34 | Main Loss: 0.2158 | Std Loss (log): 0.4677
Epoch 28 Summary
  Training   - Main Loss: 0.3515, Std Loss (log): 0.7634, Accuracy: 98.81%
  Validation - Main Loss: 1.8213, Std Loss (log): 5.2032, Accuracy: 79.02%
  Current learning rate: 0.000937

===== Epoch 29/30 =====
Batch 10/34 | Main Loss: 0.2160 | Std Loss (log): 0.2160
Batch 20/34 | Main Loss: 0.2456 | Std Loss (log): 0.9201
Batch 30/34 | Main Loss: 0.2958 | Std Loss (log): 1.3227
Epoch 29 Summary
  Training   - Main Loss: 0.4013, Std Loss (log): 0.7986, Accuracy: 97.70%
  Validation - Main Loss: 1.4120, Std Loss (log): 5.1219, Accuracy: 82.14%
  Current learning rate: 0.000937

===== Epoch 30/30 =====
Batch 10/34 | Main Loss: 0.1422 | Std Loss (log): 0.1422
Batch 20/34 | Main Loss: 0.2992 | Std Loss (log): 0.5034
Batch 30/34 | Main Loss: 0.2530 | Std Loss (log): 0.6510
Epoch 30 Summary
  Training   - Main Loss: 0.4089, Std Loss (log): 0.7355, Accuracy: 97.79%
  Validation - Main Loss: 1.2451, Std Loss (log): 5.1285, Accuracy: 81.70%
  Current learning rate: 0.000937
Model checkpoint saved to: /Users/sbplab/Hank/angle_classification_deg6/saved_models/model_checkpoints/plastic_1000hz_ghm_20250414_141140/model_epoch_30.pt
Training history plot saved to: /Users/sbplab/Hank/angle_classification_deg6/saved_models/plots/plastic_1000hz_ghm_20250414_141140/training_history_20250414_141140.png
Training history saved to: /Users/sbplab/Hank/angle_classification_deg6/saved_models/model_checkpoints/plastic_1000hz_ghm_20250414_141140/training_history_20250414_141140.pkl

--- Finished training 1000hz ---
