
--- Training Frequency: 1000hz ---
Using random seed: 42
Starting training - Frequency: 1000hz, Material: plastic
Loss type: standard
Standard Loss Margin: 10.0
Using device: mps
Loading Dataset for 1000hz with material plastic
Loading Dataset for 1000hz with material plastic

Class deg000 (label 0):
Found 9 files for class deg000

Class deg036 (label 1):
Found 9 files for class deg036

Class deg072 (label 2):
Found 9 files for class deg072

Class deg108 (label 3):
Found 9 files for class deg108

Class deg144 (label 4):
Found 9 files for class deg144

Class deg180 (label 5):
Found 9 files for class deg180

Spectrograms shape: torch.Size([54, 1, 1025, 1126])
Frequency range: 0.0-24000.0 Hz
Created 1118 ranking pairs
Created 230 ranking pairs
Train ranking pairs: 1118
Validation ranking pairs: 230
Using batch size: 32

===== Epoch 1/30 =====
Batch 10/34 | Main Loss: 9.8993
Batch 20/34 | Main Loss: 9.5339
Batch 30/34 | Main Loss: 8.6193
Epoch 1 Summary
  Training   - Main Loss: 9.1912, Std Loss (log): 9.1912, Accuracy: 60.66%
  Validation - Main Loss: 10.7396, Std Loss (log): 10.7396, Accuracy: 57.14%
  Current learning rate: 0.030000

===== Epoch 2/30 =====
Batch 10/34 | Main Loss: 4.9747
Batch 20/34 | Main Loss: 8.4028
Batch 30/34 | Main Loss: 6.6342
Epoch 2 Summary
  Training   - Main Loss: 6.9185, Std Loss (log): 6.9185, Accuracy: 71.32%
  Validation - Main Loss: 7.3105, Std Loss (log): 7.3105, Accuracy: 64.73%
  Current learning rate: 0.030000

===== Epoch 3/30 =====
Batch 10/34 | Main Loss: 7.1475
Batch 20/34 | Main Loss: 4.3819
Batch 30/34 | Main Loss: 4.5240
Epoch 3 Summary
  Training   - Main Loss: 5.8363, Std Loss (log): 5.8363, Accuracy: 75.00%
  Validation - Main Loss: 6.7606, Std Loss (log): 6.7606, Accuracy: 70.09%
  Current learning rate: 0.030000

===== Epoch 4/30 =====
Batch 10/34 | Main Loss: 4.1265
Batch 20/34 | Main Loss: 2.3562
Batch 30/34 | Main Loss: 6.9964
Epoch 4 Summary
  Training   - Main Loss: 4.9318, Std Loss (log): 4.9318, Accuracy: 79.60%
  Validation - Main Loss: 14.6295, Std Loss (log): 14.6295, Accuracy: 55.36%
  Current learning rate: 0.030000

===== Epoch 5/30 =====
Batch 10/34 | Main Loss: 5.0831
Batch 20/34 | Main Loss: 6.9660
Batch 30/34 | Main Loss: 3.5146
Epoch 5 Summary
  Training   - Main Loss: 5.0860, Std Loss (log): 5.0860, Accuracy: 80.06%
  Validation - Main Loss: 7.8260, Std Loss (log): 7.8260, Accuracy: 66.52%
  Current learning rate: 0.030000
Model checkpoint saved to: /Users/sbplab/Hank/angle_classification_deg6/saved_models/model_checkpoints/plastic_1000hz_standard_20250414_141059/model_epoch_5.pt

===== Epoch 6/30 =====
Batch 10/34 | Main Loss: 7.8811
Batch 20/34 | Main Loss: 3.0199
Batch 30/34 | Main Loss: 5.9058
Epoch 6 Summary
  Training   - Main Loss: 4.1885, Std Loss (log): 4.1885, Accuracy: 83.00%
  Validation - Main Loss: 8.3174, Std Loss (log): 8.3174, Accuracy: 61.16%
  Current learning rate: 0.030000

===== Epoch 7/30 =====
Batch 10/34 | Main Loss: 3.0687
Batch 20/34 | Main Loss: 2.0461
Batch 30/34 | Main Loss: 3.0913
Epoch 7 Summary
  Training   - Main Loss: 2.9712, Std Loss (log): 2.9712, Accuracy: 88.88%
  Validation - Main Loss: 5.9348, Std Loss (log): 5.9348, Accuracy: 75.45%
  Current learning rate: 0.030000

===== Epoch 8/30 =====
Batch 10/34 | Main Loss: 2.1369
Batch 20/34 | Main Loss: 2.7047
Batch 30/34 | Main Loss: 1.4792
Epoch 8 Summary
  Training   - Main Loss: 2.8765, Std Loss (log): 2.8765, Accuracy: 88.42%
  Validation - Main Loss: 9.8285, Std Loss (log): 9.8285, Accuracy: 58.93%
  Current learning rate: 0.030000

===== Epoch 9/30 =====
Batch 10/34 | Main Loss: 1.3691
Batch 20/34 | Main Loss: 1.5289
Batch 30/34 | Main Loss: 4.1179
Epoch 9 Summary
  Training   - Main Loss: 2.3604, Std Loss (log): 2.3604, Accuracy: 90.99%
  Validation - Main Loss: 15.4708, Std Loss (log): 15.4708, Accuracy: 68.30%
  Current learning rate: 0.030000

===== Epoch 10/30 =====
Batch 10/34 | Main Loss: 1.6897
Batch 20/34 | Main Loss: 1.7743
Batch 30/34 | Main Loss: 3.0663
Epoch 10 Summary
  Training   - Main Loss: 2.1966, Std Loss (log): 2.1966, Accuracy: 91.08%
  Validation - Main Loss: 9.8056, Std Loss (log): 9.8056, Accuracy: 67.86%
  Current learning rate: 0.030000
Model checkpoint saved to: /Users/sbplab/Hank/angle_classification_deg6/saved_models/model_checkpoints/plastic_1000hz_standard_20250414_141059/model_epoch_10.pt

===== Epoch 11/30 =====
Batch 10/34 | Main Loss: 0.8607
Batch 20/34 | Main Loss: 1.1462
Batch 30/34 | Main Loss: 2.3438
Epoch 11 Summary
  Training   - Main Loss: 2.0109, Std Loss (log): 2.0109, Accuracy: 91.82%
  Validation - Main Loss: 9.7809, Std Loss (log): 9.7809, Accuracy: 61.16%
  Current learning rate: 0.015000

===== Epoch 12/30 =====
Batch 10/34 | Main Loss: 1.0615
Batch 20/34 | Main Loss: 0.9452
Batch 30/34 | Main Loss: 1.0090
Epoch 12 Summary
  Training   - Main Loss: 1.2121, Std Loss (log): 1.2121, Accuracy: 95.68%
  Validation - Main Loss: 4.9673, Std Loss (log): 4.9673, Accuracy: 80.80%
  Current learning rate: 0.015000

===== Epoch 13/30 =====
Batch 10/34 | Main Loss: 0.1528
Batch 20/34 | Main Loss: 0.3846
Batch 30/34 | Main Loss: 0.0000
Epoch 13 Summary
  Training   - Main Loss: 0.9046, Std Loss (log): 0.9046, Accuracy: 96.78%
  Validation - Main Loss: 4.4304, Std Loss (log): 4.4304, Accuracy: 83.48%
  Current learning rate: 0.015000

===== Epoch 14/30 =====
Batch 10/34 | Main Loss: 1.1803
Batch 20/34 | Main Loss: 0.9941
Batch 30/34 | Main Loss: 0.4604
Epoch 14 Summary
  Training   - Main Loss: 0.9495, Std Loss (log): 0.9495, Accuracy: 95.96%
  Validation - Main Loss: 7.6687, Std Loss (log): 7.6687, Accuracy: 75.45%
  Current learning rate: 0.015000

===== Epoch 15/30 =====
Batch 10/34 | Main Loss: 0.5553
Batch 20/34 | Main Loss: 1.4779
Batch 30/34 | Main Loss: 0.2747
Epoch 15 Summary
  Training   - Main Loss: 0.8243, Std Loss (log): 0.8243, Accuracy: 97.43%
  Validation - Main Loss: 6.8359, Std Loss (log): 6.8359, Accuracy: 77.68%
  Current learning rate: 0.015000
Model checkpoint saved to: /Users/sbplab/Hank/angle_classification_deg6/saved_models/model_checkpoints/plastic_1000hz_standard_20250414_141059/model_epoch_15.pt

===== Epoch 16/30 =====
Batch 10/34 | Main Loss: 0.2838
Batch 20/34 | Main Loss: 1.8233
Batch 30/34 | Main Loss: 0.9090
Epoch 16 Summary
  Training   - Main Loss: 0.6317, Std Loss (log): 0.6317, Accuracy: 97.70%
  Validation - Main Loss: 4.7393, Std Loss (log): 4.7393, Accuracy: 82.14%
  Current learning rate: 0.015000

===== Epoch 17/30 =====
Batch 10/34 | Main Loss: 0.3282
Batch 20/34 | Main Loss: 0.5469
Batch 30/34 | Main Loss: 1.0889
Epoch 17 Summary
  Training   - Main Loss: 0.4988, Std Loss (log): 0.4988, Accuracy: 98.35%
  Validation - Main Loss: 7.0096, Std Loss (log): 7.0096, Accuracy: 77.23%
  Current learning rate: 0.007500

===== Epoch 18/30 =====
Batch 10/34 | Main Loss: 0.2584
Batch 20/34 | Main Loss: 1.1365
Batch 30/34 | Main Loss: 0.2692
Epoch 18 Summary
  Training   - Main Loss: 0.3258, Std Loss (log): 0.3258, Accuracy: 99.54%
  Validation - Main Loss: 5.4228, Std Loss (log): 5.4228, Accuracy: 79.02%
  Current learning rate: 0.007500

===== Epoch 19/30 =====
Batch 10/34 | Main Loss: 0.1129
Batch 20/34 | Main Loss: 0.1794
Batch 30/34 | Main Loss: 0.1113
Epoch 19 Summary
  Training   - Main Loss: 0.2684, Std Loss (log): 0.2684, Accuracy: 100.00%
  Validation - Main Loss: 5.8802, Std Loss (log): 5.8802, Accuracy: 79.91%
  Current learning rate: 0.007500

===== Epoch 20/30 =====
Batch 10/34 | Main Loss: 0.0000
Batch 20/34 | Main Loss: 0.0334
Batch 30/34 | Main Loss: 0.3299
Epoch 20 Summary
  Training   - Main Loss: 0.2934, Std Loss (log): 0.2934, Accuracy: 99.63%
  Validation - Main Loss: 6.0088, Std Loss (log): 6.0088, Accuracy: 77.23%
  Current learning rate: 0.007500
Model checkpoint saved to: /Users/sbplab/Hank/angle_classification_deg6/saved_models/model_checkpoints/plastic_1000hz_standard_20250414_141059/model_epoch_20.pt

===== Epoch 21/30 =====
Batch 10/34 | Main Loss: 0.2376
Batch 20/34 | Main Loss: 0.0548
Batch 30/34 | Main Loss: 0.4619
Epoch 21 Summary
  Training   - Main Loss: 0.4959, Std Loss (log): 0.4959, Accuracy: 98.53%
  Validation - Main Loss: 6.2636, Std Loss (log): 6.2636, Accuracy: 79.91%
  Current learning rate: 0.003750

===== Epoch 22/30 =====
Batch 10/34 | Main Loss: 0.1328
Batch 20/34 | Main Loss: 0.1127
Batch 30/34 | Main Loss: 0.0349
Epoch 22 Summary
  Training   - Main Loss: 0.1973, Std Loss (log): 0.1973, Accuracy: 99.91%
  Validation - Main Loss: 18.8120, Std Loss (log): 18.8120, Accuracy: 75.45%
  Current learning rate: 0.003750

===== Epoch 23/30 =====
Batch 10/34 | Main Loss: 0.1463
Batch 20/34 | Main Loss: 0.1009
Batch 30/34 | Main Loss: 0.2424
Epoch 23 Summary
  Training   - Main Loss: 0.2195, Std Loss (log): 0.2195, Accuracy: 99.82%
  Validation - Main Loss: 6.0061, Std Loss (log): 6.0061, Accuracy: 79.46%
  Current learning rate: 0.003750

===== Epoch 24/30 =====
Batch 10/34 | Main Loss: 0.6421
Batch 20/34 | Main Loss: 0.1582
Batch 30/34 | Main Loss: 0.0000
Epoch 24 Summary
  Training   - Main Loss: 0.2515, Std Loss (log): 0.2515, Accuracy: 99.72%
  Validation - Main Loss: 5.8717, Std Loss (log): 5.8717, Accuracy: 79.02%
  Current learning rate: 0.003750

===== Epoch 25/30 =====
Batch 10/34 | Main Loss: 0.0000
Batch 20/34 | Main Loss: 0.0000
Batch 30/34 | Main Loss: 0.2997
Epoch 25 Summary
  Training   - Main Loss: 0.1096, Std Loss (log): 0.1096, Accuracy: 99.82%
  Validation - Main Loss: 16.6901, Std Loss (log): 16.6901, Accuracy: 77.68%
  Current learning rate: 0.001875
Model checkpoint saved to: /Users/sbplab/Hank/angle_classification_deg6/saved_models/model_checkpoints/plastic_1000hz_standard_20250414_141059/model_epoch_25.pt

===== Epoch 26/30 =====
Batch 10/34 | Main Loss: 0.7684
Batch 20/34 | Main Loss: 0.0000
Batch 30/34 | Main Loss: 0.0000
Epoch 26 Summary
  Training   - Main Loss: 0.2305, Std Loss (log): 0.2305, Accuracy: 99.17%
  Validation - Main Loss: 9.2562, Std Loss (log): 9.2562, Accuracy: 71.43%
  Current learning rate: 0.001875

===== Epoch 27/30 =====
Batch 10/34 | Main Loss: 0.0671
Batch 20/34 | Main Loss: 0.0000
Batch 30/34 | Main Loss: 0.0000
Epoch 27 Summary
  Training   - Main Loss: 0.2788, Std Loss (log): 0.2788, Accuracy: 99.45%
  Validation - Main Loss: 5.9917, Std Loss (log): 5.9917, Accuracy: 79.91%
  Current learning rate: 0.001875

===== Epoch 28/30 =====
Batch 10/34 | Main Loss: 0.4102
Batch 20/34 | Main Loss: 0.3705
Batch 30/34 | Main Loss: 0.1591
Epoch 28 Summary
  Training   - Main Loss: 0.1529, Std Loss (log): 0.1529, Accuracy: 100.00%
  Validation - Main Loss: 5.8979, Std Loss (log): 5.8979, Accuracy: 78.57%
  Current learning rate: 0.001875

===== Epoch 29/30 =====
Batch 10/34 | Main Loss: 0.1173
Batch 20/34 | Main Loss: 0.0834
Batch 30/34 | Main Loss: 0.0000
Epoch 29 Summary
  Training   - Main Loss: 0.1771, Std Loss (log): 0.1771, Accuracy: 99.45%
  Validation - Main Loss: 6.2279, Std Loss (log): 6.2279, Accuracy: 78.57%
  Current learning rate: 0.000937

===== Epoch 30/30 =====
Batch 10/34 | Main Loss: 0.0000
Batch 20/34 | Main Loss: 0.0354
Batch 30/34 | Main Loss: 0.3268
Epoch 30 Summary
  Training   - Main Loss: 0.0826, Std Loss (log): 0.0826, Accuracy: 100.00%
  Validation - Main Loss: 6.1837, Std Loss (log): 6.1837, Accuracy: 79.02%
  Current learning rate: 0.000937
Model checkpoint saved to: /Users/sbplab/Hank/angle_classification_deg6/saved_models/model_checkpoints/plastic_1000hz_standard_20250414_141059/model_epoch_30.pt
Training history plot saved to: /Users/sbplab/Hank/angle_classification_deg6/saved_models/plots/plastic_1000hz_standard_20250414_141059/training_history_20250414_141059.png
Training history saved to: /Users/sbplab/Hank/angle_classification_deg6/saved_models/model_checkpoints/plastic_1000hz_standard_20250414_141059/training_history_20250414_141059.pkl

--- Finished training 1000hz ---
