
--- Training Frequency: 1000hz ---
Using random seed: 42
Starting training - Frequency: 1000hz, Material: plastic
Loss type: ghm
GHM Params: bins=10, alpha=0.5, margin=10.0
Using device: mps
Loading Dataset for 1000hz with material plastic
Loading Dataset for 1000hz with material plastic

Class deg000 (label 0):
Found 9 files for class deg000

Class deg036 (label 1):
Found 9 files for class deg036

Class deg072 (label 2):
Found 9 files for class deg072

Class deg108 (label 3):
Found 9 files for class deg108

Class deg144 (label 4):
Found 9 files for class deg144

Class deg180 (label 5):
Found 9 files for class deg180

Spectrograms shape: torch.Size([54, 1, 1025, 1126])
Frequency range: 0.0-24000.0 Hz
Created 1118 ranking pairs
Created 230 ranking pairs
Train ranking pairs: 1118
Validation ranking pairs: 230
Using batch size: 32

===== Epoch 1/30 =====
Batch 10/34 | Main Loss: 1.7610 | Std Loss (log): 9.9616
Batch 20/34 | Main Loss: 2.3156 | Std Loss (log): 9.9399
Batch 30/34 | Main Loss: 3.0560 | Std Loss (log): 10.4215
Epoch 1 Summary
  Training   - Main Loss: 2.1715, Std Loss (log): 9.5719, Accuracy: 55.51%
  Validation - Main Loss: 2.1947, Std Loss (log): 9.1373, Accuracy: 68.75%
  Current learning rate: 0.030000

===== Epoch 2/30 =====
Batch 10/34 | Main Loss: 2.0889 | Std Loss (log): 6.1539
Batch 20/34 | Main Loss: 2.3702 | Std Loss (log): 8.2485
Batch 30/34 | Main Loss: 3.1976 | Std Loss (log): 9.0701
Epoch 2 Summary
  Training   - Main Loss: 2.5759, Std Loss (log): 7.7710, Accuracy: 67.10%
  Validation - Main Loss: 4.5004, Std Loss (log): 12.8576, Accuracy: 54.91%
  Current learning rate: 0.030000

===== Epoch 3/30 =====
Batch 10/34 | Main Loss: 3.4909 | Std Loss (log): 7.3238
Batch 20/34 | Main Loss: 2.0441 | Std Loss (log): 4.5389
Batch 30/34 | Main Loss: 2.1418 | Std Loss (log): 6.0301
Epoch 3 Summary
  Training   - Main Loss: 2.5273, Std Loss (log): 6.5546, Accuracy: 73.44%
  Validation - Main Loss: 7.8544, Std Loss (log): 11.3916, Accuracy: 72.77%
  Current learning rate: 0.030000

===== Epoch 4/30 =====
Batch 10/34 | Main Loss: 1.2631 | Std Loss (log): 4.4948
Batch 20/34 | Main Loss: 1.3538 | Std Loss (log): 3.2609
Batch 30/34 | Main Loss: 2.0181 | Std Loss (log): 5.5598
Epoch 4 Summary
  Training   - Main Loss: 2.0750, Std Loss (log): 5.7782, Accuracy: 75.18%
  Validation - Main Loss: 1.5918, Std Loss (log): 4.9561, Accuracy: 76.79%
  Current learning rate: 0.030000

===== Epoch 5/30 =====
Batch 10/34 | Main Loss: 4.0081 | Std Loss (log): 6.9649
Batch 20/34 | Main Loss: 6.0737 | Std Loss (log): 11.9492
Batch 30/34 | Main Loss: 1.5337 | Std Loss (log): 4.2123
Epoch 5 Summary
  Training   - Main Loss: 2.4956, Std Loss (log): 5.8599, Accuracy: 74.45%
  Validation - Main Loss: 2.8190, Std Loss (log): 7.5934, Accuracy: 63.39%
  Current learning rate: 0.030000
Model checkpoint saved to: /Users/sbplab/Hank/angle_classification_deg6/saved_models/model_checkpoints/plastic_1000hz_ghm_20250414_141139/model_epoch_5.pt

===== Epoch 6/30 =====
Batch 10/34 | Main Loss: 1.7750 | Std Loss (log): 4.5131
Batch 20/34 | Main Loss: 2.0924 | Std Loss (log): 4.6571
Batch 30/34 | Main Loss: 2.4528 | Std Loss (log): 6.9966
Epoch 6 Summary
  Training   - Main Loss: 2.1306, Std Loss (log): 5.5985, Accuracy: 76.10%
  Validation - Main Loss: 1.7034, Std Loss (log): 5.7193, Accuracy: 75.45%
  Current learning rate: 0.030000

===== Epoch 7/30 =====
Batch 10/34 | Main Loss: 1.5890 | Std Loss (log): 5.8201
Batch 20/34 | Main Loss: 1.0819 | Std Loss (log): 3.0353
Batch 30/34 | Main Loss: 1.7472 | Std Loss (log): 4.9910
Epoch 7 Summary
  Training   - Main Loss: 1.8767, Std Loss (log): 4.9062, Accuracy: 79.87%
  Validation - Main Loss: 3.3832, Std Loss (log): 8.5441, Accuracy: 65.18%
  Current learning rate: 0.030000

===== Epoch 8/30 =====
Batch 10/34 | Main Loss: 3.9761 | Std Loss (log): 9.8440
Batch 20/34 | Main Loss: 1.5936 | Std Loss (log): 4.7204
Batch 30/34 | Main Loss: 1.5831 | Std Loss (log): 3.9488
Epoch 8 Summary
  Training   - Main Loss: 2.1998, Std Loss (log): 5.6285, Accuracy: 76.75%
  Validation - Main Loss: 10.2334, Std Loss (log): 13.7164, Accuracy: 66.52%
  Current learning rate: 0.015000

===== Epoch 9/30 =====
Batch 10/34 | Main Loss: 1.3102 | Std Loss (log): 3.0792
Batch 20/34 | Main Loss: 1.7347 | Std Loss (log): 5.1987
Batch 30/34 | Main Loss: 1.8209 | Std Loss (log): 4.7241
Epoch 9 Summary
  Training   - Main Loss: 1.7848, Std Loss (log): 4.5095, Accuracy: 81.62%
  Validation - Main Loss: 4.7166, Std Loss (log): 7.6425, Accuracy: 74.11%
  Current learning rate: 0.015000

===== Epoch 10/30 =====
Batch 10/34 | Main Loss: 1.1644 | Std Loss (log): 2.8309
Batch 20/34 | Main Loss: 1.1135 | Std Loss (log): 3.4493
Batch 30/34 | Main Loss: 1.7399 | Std Loss (log): 4.4192
Epoch 10 Summary
  Training   - Main Loss: 1.5568, Std Loss (log): 3.8226, Accuracy: 83.64%
  Validation - Main Loss: 3.3224, Std Loss (log): 8.7307, Accuracy: 63.84%
  Current learning rate: 0.015000
Model checkpoint saved to: /Users/sbplab/Hank/angle_classification_deg6/saved_models/model_checkpoints/plastic_1000hz_ghm_20250414_141139/model_epoch_10.pt

===== Epoch 11/30 =====
Batch 10/34 | Main Loss: 1.0412 | Std Loss (log): 1.6211
Batch 20/34 | Main Loss: 0.9000 | Std Loss (log): 2.5759
Batch 30/34 | Main Loss: 1.4656 | Std Loss (log): 3.9974
Epoch 11 Summary
  Training   - Main Loss: 1.9313, Std Loss (log): 3.7666, Accuracy: 85.02%
  Validation - Main Loss: 13.3034, Std Loss (log): 16.5182, Accuracy: 75.45%
  Current learning rate: 0.015000

===== Epoch 12/30 =====
Batch 10/34 | Main Loss: 1.1378 | Std Loss (log): 2.7051
Batch 20/34 | Main Loss: 0.8871 | Std Loss (log): 1.6375
Batch 30/34 | Main Loss: 1.5662 | Std Loss (log): 3.9526
Epoch 12 Summary
  Training   - Main Loss: 1.2824, Std Loss (log): 2.9757, Accuracy: 88.69%
  Validation - Main Loss: 6.3066, Std Loss (log): 10.0807, Accuracy: 67.41%
  Current learning rate: 0.007500

===== Epoch 13/30 =====
Batch 10/34 | Main Loss: 1.2428 | Std Loss (log): 1.6178
Batch 20/34 | Main Loss: 0.9304 | Std Loss (log): 2.1010
Batch 30/34 | Main Loss: 0.9676 | Std Loss (log): 1.1452
Epoch 13 Summary
  Training   - Main Loss: 1.2823, Std Loss (log): 2.7713, Accuracy: 88.79%
  Validation - Main Loss: 5.4745, Std Loss (log): 10.1574, Accuracy: 64.73%
  Current learning rate: 0.007500

===== Epoch 14/30 =====
Batch 10/34 | Main Loss: 1.3823 | Std Loss (log): 2.6256
Batch 20/34 | Main Loss: 3.0684 | Std Loss (log): 5.6002
Batch 30/34 | Main Loss: 0.9943 | Std Loss (log): 2.9269
Epoch 14 Summary
  Training   - Main Loss: 1.3792, Std Loss (log): 2.8199, Accuracy: 87.32%
  Validation - Main Loss: 1.7309, Std Loss (log): 3.7855, Accuracy: 85.27%
  Current learning rate: 0.007500

===== Epoch 15/30 =====
Batch 10/34 | Main Loss: 1.3998 | Std Loss (log): 2.6294
Batch 20/34 | Main Loss: 1.4880 | Std Loss (log): 3.8213
Batch 30/34 | Main Loss: 0.9557 | Std Loss (log): 2.3605
Epoch 15 Summary
  Training   - Main Loss: 1.1370, Std Loss (log): 2.4325, Accuracy: 89.71%
  Validation - Main Loss: 1.8901, Std Loss (log): 3.9202, Accuracy: 84.82%
  Current learning rate: 0.007500
Model checkpoint saved to: /Users/sbplab/Hank/angle_classification_deg6/saved_models/model_checkpoints/plastic_1000hz_ghm_20250414_141139/model_epoch_15.pt

===== Epoch 16/30 =====
Batch 10/34 | Main Loss: 0.7227 | Std Loss (log): 1.8860
Batch 20/34 | Main Loss: 1.2490 | Std Loss (log): 3.1402
Batch 30/34 | Main Loss: 1.1682 | Std Loss (log): 3.1327
Epoch 16 Summary
  Training   - Main Loss: 0.9189, Std Loss (log): 1.8168, Accuracy: 94.30%
  Validation - Main Loss: 1.8634, Std Loss (log): 4.0453, Accuracy: 85.27%
  Current learning rate: 0.003750

===== Epoch 17/30 =====
Batch 10/34 | Main Loss: 0.7079 | Std Loss (log): 1.6700
Batch 20/34 | Main Loss: 0.9681 | Std Loss (log): 2.2511
Batch 30/34 | Main Loss: 0.8124 | Std Loss (log): 1.3396
Epoch 17 Summary
  Training   - Main Loss: 0.8925, Std Loss (log): 1.7577, Accuracy: 94.03%
  Validation - Main Loss: 2.0459, Std Loss (log): 4.3191, Accuracy: 84.38%
  Current learning rate: 0.003750

===== Epoch 18/30 =====
Batch 10/34 | Main Loss: 0.7460 | Std Loss (log): 1.4920
Batch 20/34 | Main Loss: 0.9764 | Std Loss (log): 2.7617
Batch 30/34 | Main Loss: 0.6814 | Std Loss (log): 1.6692
Epoch 18 Summary
  Training   - Main Loss: 0.8144, Std Loss (log): 1.5950, Accuracy: 94.85%
  Validation - Main Loss: 1.8629, Std Loss (log): 3.7202, Accuracy: 87.05%
  Current learning rate: 0.003750

===== Epoch 19/30 =====
Batch 10/34 | Main Loss: 1.0537 | Std Loss (log): 2.4014
Batch 20/34 | Main Loss: 0.4415 | Std Loss (log): 1.1008
Batch 30/34 | Main Loss: 0.5372 | Std Loss (log): 0.9003
Epoch 19 Summary
  Training   - Main Loss: 0.8765, Std Loss (log): 1.6212, Accuracy: 94.12%
  Validation - Main Loss: 7.5248, Std Loss (log): 9.3897, Accuracy: 82.14%
  Current learning rate: 0.003750

===== Epoch 20/30 =====
Batch 10/34 | Main Loss: 0.6017 | Std Loss (log): 1.4060
Batch 20/34 | Main Loss: 0.4332 | Std Loss (log): 0.8773
Batch 30/34 | Main Loss: 1.0683 | Std Loss (log): 2.6419
Epoch 20 Summary
  Training   - Main Loss: 0.8218, Std Loss (log): 1.5943, Accuracy: 94.21%
  Validation - Main Loss: 1.9564, Std Loss (log): 4.3221, Accuracy: 85.71%
  Current learning rate: 0.001875
Model checkpoint saved to: /Users/sbplab/Hank/angle_classification_deg6/saved_models/model_checkpoints/plastic_1000hz_ghm_20250414_141139/model_epoch_20.pt

===== Epoch 21/30 =====
Batch 10/34 | Main Loss: 0.6404 | Std Loss (log): 1.0133
Batch 20/34 | Main Loss: 1.3767 | Std Loss (log): 1.8402
Batch 30/34 | Main Loss: 0.7294 | Std Loss (log): 2.0240
Epoch 21 Summary
  Training   - Main Loss: 0.8237, Std Loss (log): 1.4686, Accuracy: 95.04%
  Validation - Main Loss: 2.3179, Std Loss (log): 4.4528, Accuracy: 86.61%
  Current learning rate: 0.001875

===== Epoch 22/30 =====
Batch 10/34 | Main Loss: 0.7741 | Std Loss (log): 1.1366
Batch 20/34 | Main Loss: 1.1029 | Std Loss (log): 2.0357
Batch 30/34 | Main Loss: 0.8356 | Std Loss (log): 0.9417
Epoch 22 Summary
  Training   - Main Loss: 0.7455, Std Loss (log): 1.2691, Accuracy: 96.78%
  Validation - Main Loss: 11.1676, Std Loss (log): 12.6273, Accuracy: 83.93%
  Current learning rate: 0.001875

===== Epoch 23/30 =====
Batch 10/34 | Main Loss: 1.4432 | Std Loss (log): 1.8499
Batch 20/34 | Main Loss: 0.7790 | Std Loss (log): 1.3038
Batch 30/34 | Main Loss: 0.8167 | Std Loss (log): 1.5137
Epoch 23 Summary
  Training   - Main Loss: 0.6408, Std Loss (log): 1.1499, Accuracy: 95.77%
  Validation - Main Loss: 2.2057, Std Loss (log): 3.8384, Accuracy: 87.05%
  Current learning rate: 0.001875

===== Epoch 24/30 =====
Batch 10/34 | Main Loss: 0.7750 | Std Loss (log): 1.2477
Batch 20/34 | Main Loss: 0.6784 | Std Loss (log): 1.9119
Batch 30/34 | Main Loss: 0.6691 | Std Loss (log): 0.7893
Epoch 24 Summary
  Training   - Main Loss: 0.6517, Std Loss (log): 1.1595, Accuracy: 96.32%
  Validation - Main Loss: 2.8260, Std Loss (log): 4.1188, Accuracy: 86.16%
  Current learning rate: 0.000937

===== Epoch 25/30 =====
Batch 10/34 | Main Loss: 0.1382 | Std Loss (log): 0.2463
Batch 20/34 | Main Loss: 0.6800 | Std Loss (log): 1.1778
Batch 30/34 | Main Loss: 0.7975 | Std Loss (log): 1.2336
Epoch 25 Summary
  Training   - Main Loss: 0.5898, Std Loss (log): 1.1240, Accuracy: 96.97%
  Validation - Main Loss: 4.3721, Std Loss (log): 5.6575, Accuracy: 84.82%
  Current learning rate: 0.000937
Model checkpoint saved to: /Users/sbplab/Hank/angle_classification_deg6/saved_models/model_checkpoints/plastic_1000hz_ghm_20250414_141139/model_epoch_25.pt

===== Epoch 26/30 =====
Batch 10/34 | Main Loss: 1.0093 | Std Loss (log): 1.4114
Batch 20/34 | Main Loss: 0.3673 | Std Loss (log): 0.5805
Batch 30/34 | Main Loss: 1.6207 | Std Loss (log): 1.9746
Epoch 26 Summary
  Training   - Main Loss: 0.6803, Std Loss (log): 1.1704, Accuracy: 96.51%
  Validation - Main Loss: 4.5710, Std Loss (log): 5.9787, Accuracy: 83.04%
  Current learning rate: 0.000937

===== Epoch 27/30 =====
Batch 10/34 | Main Loss: 0.1720 | Std Loss (log): 0.3291
Batch 20/34 | Main Loss: 0.3370 | Std Loss (log): 0.5821
Batch 30/34 | Main Loss: 0.4270 | Std Loss (log): 0.9555
Epoch 27 Summary
  Training   - Main Loss: 0.5918, Std Loss (log): 1.1314, Accuracy: 96.14%
  Validation - Main Loss: 2.2349, Std Loss (log): 3.9883, Accuracy: 87.05%
  Current learning rate: 0.000937

===== Epoch 28/30 =====
Batch 10/34 | Main Loss: 0.3871 | Std Loss (log): 0.6641
Batch 20/34 | Main Loss: 0.2938 | Std Loss (log): 0.3612
Batch 30/34 | Main Loss: 0.6986 | Std Loss (log): 0.9565
Epoch 28 Summary
  Training   - Main Loss: 0.5218, Std Loss (log): 0.9183, Accuracy: 97.61%
  Validation - Main Loss: 2.3862, Std Loss (log): 3.9450, Accuracy: 86.16%
  Current learning rate: 0.000469

===== Epoch 29/30 =====
Batch 10/34 | Main Loss: 0.3608 | Std Loss (log): 0.3640
Batch 20/34 | Main Loss: 0.4907 | Std Loss (log): 1.2812
Batch 30/34 | Main Loss: 0.4809 | Std Loss (log): 1.2437
Epoch 29 Summary
  Training   - Main Loss: 0.5644, Std Loss (log): 0.9442, Accuracy: 97.15%
  Validation - Main Loss: 2.2918, Std Loss (log): 4.3902, Accuracy: 85.27%
  Current learning rate: 0.000469

===== Epoch 30/30 =====
Batch 10/34 | Main Loss: 0.2595 | Std Loss (log): 0.5278
Batch 20/34 | Main Loss: 0.4658 | Std Loss (log): 0.7746
Batch 30/34 | Main Loss: 0.7790 | Std Loss (log): 1.3492
Epoch 30 Summary
  Training   - Main Loss: 0.5114, Std Loss (log): 0.8567, Accuracy: 97.43%
  Validation - Main Loss: 2.4345, Std Loss (log): 3.9131, Accuracy: 86.61%
  Current learning rate: 0.000469
Model checkpoint saved to: /Users/sbplab/Hank/angle_classification_deg6/saved_models/model_checkpoints/plastic_1000hz_ghm_20250414_141139/model_epoch_30.pt
Training history plot saved to: /Users/sbplab/Hank/angle_classification_deg6/saved_models/plots/plastic_1000hz_ghm_20250414_141139/training_history_20250414_141139.png
Training history saved to: /Users/sbplab/Hank/angle_classification_deg6/saved_models/model_checkpoints/plastic_1000hz_ghm_20250414_141139/training_history_20250414_141139.pkl

--- Finished training 1000hz ---
